<?xml version="1.0" encoding="UTF-8"?>
<testng-results ignored="0" total="1" passed="1" failed="0" skipped="0">
  <reporter-output>
  </reporter-output>
  <suite started-at="2024-05-15T16:42:33 IST" name="Default suite" finished-at="2024-05-15T16:42:48 IST" duration-ms="14666">
    <groups>
    </groups>
    <test started-at="2024-05-15T16:42:33 IST" name="Default test" finished-at="2024-05-15T16:42:48 IST" duration-ms="14666">
      <class name="org.google.search.Mobiles">
        <test-method is-config="true" signature="launchBrowser()[pri:0, instance:org.google.search.Mobiles@5d0bf09b]" started-at="2024-05-15T16:42:33 IST" name="launchBrowser" finished-at="2024-05-15T16:42:38 IST" duration-ms="4779" status="PASS">
          <reporter-output>
          </reporter-output>
        </test-method> <!-- launchBrowser -->
        <test-method signature="getMobiles()[pri:0, instance:org.google.search.Mobiles@5d0bf09b]" started-at="2024-05-15T16:42:38 IST" name="getMobiles" finished-at="2024-05-15T16:42:48 IST" duration-ms="9355" status="PASS">
          <reporter-output>
          </reporter-output>
        </test-method> <!-- getMobiles -->
        <test-method is-config="true" signature="closeDriver()[pri:0, instance:org.google.search.Mobiles@5d0bf09b]" started-at="2024-05-15T16:42:48 IST" name="closeDriver" finished-at="2024-05-15T16:42:48 IST" duration-ms="475" status="PASS">
          <reporter-output>
          </reporter-output>
        </test-method> <!-- closeDriver -->
      </class> <!-- org.google.search.Mobiles -->
    </test> <!-- Default test -->
  </suite> <!-- Default suite -->
</testng-results>
